INFO	2024-01-26 13:51:42,076	0	org.example.Main	[main]	Started main menu
WARN	2024-01-26 16:01:38,992	0	org.example.Main	[main]	Incorrect Entry Type:  i
WARN	2024-01-26 16:01:38,995	3	org.example.Main	[main]	Amount greater than 10,000 entered:  10000.999
WARN	2024-01-26 16:01:38,996	4	org.example.Main	[main]	Empty description entered
WARN	2024-01-26 16:01:38,996	4	org.example.Main	[main]	Amount less than 0 entered:  -1.0
INFO	2024-01-26 17:18:45,488	0	org.example.Main	[main]	Started main menu
INFO	2024-01-26 17:19:02,509	17021	org.example.Main	[main]	Started main menu
INFO	2024-01-26 17:19:21,413	35925	org.example.Main	[main]	Started main menu
INFO	2024-01-26 17:19:25,752	40264	org.example.Main	[main]	Started main menu
INFO	2024-01-26 17:25:50,815	0	org.example.Main	[main]	Started main menu
INFO	2024-01-26 17:26:06,325	15510	org.example.Main	[main]	Started main menu
INFO	2024-01-28 05:47:06,939	0	org.example.Main	[main]	Started main menu
INFO	2024-01-28 05:47:28,848	21909	org.example.Main	[main]	Started main menu
INFO	2024-01-28 05:50:30,420	0	org.example.Main	[main]	Started main menu
INFO	2024-01-28 05:50:46,791	16371	org.example.Main	[main]	Started main menu
INFO	2024-01-28 05:50:46,794	16374	org.example.Main	[main]	netAmount:  9.0
INFO	2024-01-28 06:02:43,994	0	org.example.Main	[main]	Started main menu
WARN	2024-01-28 06:03:00,300	16306	org.example.Main	[main]	Incorrect Entry Type:  word
WARN	2024-01-28 06:03:00,300	16306	org.example.Main	[main]	Problem creating response for menu option:add
INFO	2024-01-28 06:03:04,374	20380	org.example.Main	[main]	Started main menu
INFO	2024-01-28 06:03:16,342	32348	org.example.Main	[main]	Started main menu
INFO	2024-01-28 06:03:20,014	36020	org.example.Main	[main]	Started main menu
INFO	2024-01-28 06:03:20,015	36021	org.example.Main	[main]	incomeAmount:  9.0
INFO	2024-01-28 06:03:20,015	36021	org.example.Main	[main]	expenseAmount:  0.0
INFO	2024-01-28 06:03:20,015	36021	org.example.Main	[main]	netAmount:  9.0
INFO	2024-01-28 06:03:20,018	36024	org.example.Main	[main]	New budget Summary:  budgetSummary{incomeAmount=9.0, expenseAmount=0.0, netAmount=9.0}
INFO	2024-01-28 06:06:28,529	1	org.example.Main	[main]	Started main menu
INFO	2024-01-28 06:06:41,966	13438	org.example.Main	[main]	Started main menu
INFO	2024-01-28 06:06:41,969	13441	org.example.Main	[main]	incomeAmount:  9.0
INFO	2024-01-28 06:06:41,969	13441	org.example.Main	[main]	expenseAmount:  0.0
INFO	2024-01-28 06:06:41,970	13442	org.example.Main	[main]	netAmount:  9.0
INFO	2024-01-28 06:06:41,982	13454	org.example.Main	[main]	New budget Summary:  budgetSummary{incomeAmount=9.0, expenseAmount=0.0, netAmount=9.0}
INFO	2024-01-28 06:06:50,215	21687	org.example.Main	[main]	Started main menu
INFO	2024-01-28 06:07:06,607	38079	org.example.Main	[main]	Started main menu
INFO	2024-01-28 06:07:06,607	38079	org.example.Main	[main]	incomeAmount:  9.0
INFO	2024-01-28 06:07:06,607	38079	org.example.Main	[main]	expenseAmount:  5.0
INFO	2024-01-28 06:07:06,607	38079	org.example.Main	[main]	netAmount:  4.0
INFO	2024-01-28 06:07:06,607	38079	org.example.Main	[main]	New budget Summary:  budgetSummary{incomeAmount=9.0, expenseAmount=5.0, netAmount=4.0}
INFO	2024-01-28 06:14:25,924	0	org.example.Main	[main]	Started main menu
INFO	2024-01-28 06:14:40,200	14276	org.example.Main	[main]	Started main menu
INFO	2024-01-28 06:14:46,539	20615	org.example.Main	[main]	Started main menu
INFO	2024-01-28 06:14:52,895	26971	org.example.Main	[main]	Started main menu
INFO	2024-01-28 06:15:06,134	40210	org.example.Main	[main]	Started main menu
INFO	2024-01-28 06:15:09,176	43252	org.example.Main	[main]	Started main menu
INFO	2024-01-28 06:15:15,422	49498	org.example.Main	[main]	Started main menu
INFO	2024-01-28 06:15:30,750	64826	org.example.Main	[main]	Started main menu
INFO	2024-01-28 06:15:35,360	69436	org.example.Main	[main]	Started main menu
INFO	2024-01-28 06:16:13,136	0	org.example.Main	[main]	Started main menu
INFO	2024-01-28 06:20:45,738	0	org.example.Main	[main]	Started main menu
INFO	2024-01-28 06:20:58,470	12732	org.example.Main	[main]	Started main menu
DEBUG	2024-01-28 06:20:58,470	12732	org.example.Main	[main]	Budget Summary for non-empty Tracker list.
DEBUG	2024-01-28 06:20:58,473	12735	org.example.Main	[main]	incomeAmount:  9.0
DEBUG	2024-01-28 06:20:58,473	12735	org.example.Main	[main]	expenseAmount:  0.0
DEBUG	2024-01-28 06:20:58,473	12735	org.example.Main	[main]	netAmount:  9.0
DEBUG	2024-01-28 06:20:58,485	12747	org.example.Main	[main]	New budget Summary:  budgetSummary{incomeAmount=9.0, expenseAmount=0.0, netAmount=9.0}
INFO	2024-01-28 06:24:25,871	0	org.example.Main	[main]	Started main menu
INFO	2024-01-28 06:24:40,536	14665	org.example.Main	[main]	Started main menu
WARN	2024-01-29 11:13:01,623	0	org.example.Main	[main]	Incorrect Entry Type:  i
WARN	2024-01-29 11:13:01,628	5	org.example.Main	[main]	Amount greater than 10,000 entered:  10000.999
WARN	2024-01-29 11:13:01,629	6	org.example.Main	[main]	Empty description entered
WARN	2024-01-29 11:13:01,629	6	org.example.Main	[main]	Amount less than 0 entered:  -1.0
WARN	2024-01-29 12:39:35,985	0	org.example.Main	[main]	Incorrect Entry Type:  i
WARN	2024-01-29 12:39:35,987	2	org.example.Main	[main]	Amount greater than 10,000 entered:  10000.999
WARN	2024-01-29 12:39:35,987	2	org.example.Main	[main]	Empty description entered
WARN	2024-01-29 12:39:35,988	3	org.example.Main	[main]	Amount less than 0 entered:  -1.0
WARN	2024-01-29 12:39:44,636	0	org.example.Main	[main]	Incorrect Entry Type:  i
WARN	2024-01-29 12:39:44,639	3	org.example.Main	[main]	Amount greater than 10,000 entered:  10000.999
WARN	2024-01-29 12:39:44,639	3	org.example.Main	[main]	Empty description entered
WARN	2024-01-29 12:39:44,639	3	org.example.Main	[main]	Amount less than 0 entered:  -1.0
INFO	2024-01-29 12:40:39,111	0	org.example.Main	[main]	Started main menu
INFO	2024-01-29 12:40:39,111	0	org.example.Main	[main]	Tried to view before having any entries.
WARN	2024-01-29 12:40:39,113	2	org.example.Main	[main]	Problem creating response for menu option:view
INFO	2024-01-29 12:40:43,984	4873	org.example.Main	[main]	Started main menu
INFO	2024-01-29 12:40:43,984	4873	org.example.Main	[main]	Tried to view summary before having any entries.
WARN	2024-01-29 12:40:43,984	4873	org.example.Main	[main]	Problem creating response for menu option:summary
INFO	2024-01-29 12:40:49,679	10568	org.example.Main	[main]	Started main menu
WARN	2024-01-29 12:40:58,872	19761	org.example.Main	[main]	Incorrect Entry Type:  i
WARN	2024-01-29 12:40:58,872	19761	org.example.Main	[main]	Problem creating response for menu option:add
INFO	2024-01-29 12:41:07,607	28496	org.example.Main	[main]	Started main menu
WARN	2024-01-29 12:41:07,607	28496	org.example.Main	[main]	Incorrect menu option entered:I
INFO	2024-01-29 12:41:10,175	31064	org.example.Main	[main]	Started main menu
WARN	2024-01-29 12:41:10,175	31064	org.example.Main	[main]	Incorrect menu option entered:earn
INFO	2024-01-29 12:41:11,799	32688	org.example.Main	[main]	Started main menu
WARN	2024-01-29 12:41:11,799	32688	org.example.Main	[main]	Incorrect menu option entered:9
INFO	2024-01-29 12:41:25,510	46399	org.example.Main	[main]	Started main menu
INFO	2024-01-29 12:41:25,510	46399	org.example.Main	[main]	Tried to view before having any entries.
WARN	2024-01-29 12:41:25,511	46400	org.example.Main	[main]	Problem creating response for menu option:view
INFO	2024-01-29 12:41:41,135	62024	org.example.Main	[main]	Started main menu
INFO	2024-01-29 12:41:53,071	73960	org.example.Main	[main]	Started main menu
INFO	2024-01-29 12:42:07,983	88872	org.example.Main	[main]	Started main menu
INFO	2024-01-29 12:42:23,960	104849	org.example.Main	[main]	Started main menu
INFO	2024-01-29 12:42:35,950	116839	org.example.Main	[main]	Started main menu
INFO	2024-01-29 12:42:40,079	120968	org.example.Main	[main]	Started main menu
WARN	2024-01-29 12:43:43,377	0	org.example.Main	[main]	Incorrect Entry Type:  i
WARN	2024-01-29 12:43:43,380	3	org.example.Main	[main]	Amount greater than 10,000 entered:  10000.999
WARN	2024-01-29 12:43:43,381	4	org.example.Main	[main]	Empty description entered
WARN	2024-01-29 12:43:43,381	4	org.example.Main	[main]	Amount less than 0 entered:  -1.0
WARN	2024-01-30 16:28:54,227	0	org.example.Main	[main]	Incorrect Entry Type:  i
WARN	2024-01-30 16:28:54,229	2	org.example.Main	[main]	Amount greater than 10,000 entered:  10000.999
WARN	2024-01-30 16:28:54,229	2	org.example.Main	[main]	Empty description entered
WARN	2024-01-30 16:28:54,230	3	org.example.Main	[main]	Amount less than 0 entered:  -1.0
INFO	2024-01-30 16:29:12,660	0	org.example.Main	[main]	Started main menu
INFO	2024-01-30 16:29:12,661	1	org.example.Main	[main]	Tried to view summary before having any entries.
WARN	2024-01-30 16:29:12,664	4	org.example.Main	[main]	Problem creating response for menu option:summary
INFO	2024-01-30 16:29:21,412	8752	org.example.Main	[main]	Started main menu
INFO	2024-01-30 16:29:38,490	25830	org.example.Main	[main]	Started main menu
WARN	2024-01-30 16:29:38,490	25830	org.example.Main	[main]	Incorrect menu option entered:v
INFO	2024-01-30 16:29:48,154	35494	org.example.Main	[main]	Started main menu
INFO	2024-01-30 16:39:12,029	0	org.example.Main	[main]	Started main menu
INFO	2024-01-30 16:39:15,747	3718	org.example.Main	[main]	Tried to search before having any entries.
WARN	2024-01-30 16:39:15,749	3720	org.example.Main	[main]	Problem creating response for menu option:search
INFO	2024-01-30 16:39:23,546	11517	org.example.Main	[main]	Started main menu
INFO	2024-01-30 16:39:23,547	11518	org.example.Main	[main]	Tried to view before having any entries.
WARN	2024-01-30 16:39:23,547	11518	org.example.Main	[main]	Problem creating response for menu option:view
INFO	2024-01-30 16:39:32,826	20797	org.example.Main	[main]	Started main menu
INFO	2024-01-30 16:39:45,068	33039	org.example.Main	[main]	Started main menu
INFO	2024-01-30 16:39:51,883	39854	org.example.Main	[main]	Started main menu
INFO	2024-01-30 16:39:57,011	44982	org.example.Main	[main]	Started main menu
INFO	2024-01-30 16:40:11,651	59622	org.example.Main	[main]	Started main menu
INFO	2024-01-30 16:40:16,339	64310	org.example.Main	[main]	Started main menu
INFO	2024-01-30 16:40:26,450	74421	org.example.Main	[main]	Started main menu
INFO	2024-01-30 16:40:36,378	84349	org.example.Main	[main]	Started main menu
INFO	2024-01-30 16:41:21,636	0	org.example.Main	[main]	Started main menu
INFO	2024-01-30 16:41:21,636	0	org.example.Main	[main]	Tried to view before having any entries.
WARN	2024-01-30 16:41:21,639	3	org.example.Main	[main]	Problem creating response for menu option:view
INFO	2024-01-30 16:41:25,708	4072	org.example.Main	[main]	Started main menu
INFO	2024-01-30 16:41:25,708	4072	org.example.Main	[main]	Tried to view summary before having any entries.
WARN	2024-01-30 16:41:25,708	4072	org.example.Main	[main]	Problem creating response for menu option:summary
INFO	2024-01-30 16:41:29,634	7998	org.example.Main	[main]	Started main menu
INFO	2024-01-30 16:41:43,242	21606	org.example.Main	[main]	Started main menu
INFO	2024-01-30 16:41:58,314	36678	org.example.Main	[main]	Started main menu
INFO	2024-01-30 16:42:03,763	42127	org.example.Main	[main]	Started main menu
INFO	2024-01-30 16:42:20,123	58487	org.example.Main	[main]	Started main menu
INFO	2024-01-30 16:42:23,938	62302	org.example.Main	[main]	Started main menu
INFO	2024-01-30 16:42:43,770	82134	org.example.Main	[main]	Started main menu
INFO	2024-01-30 16:42:53,132	91496	org.example.Main	[main]	Started main menu
